#
# There is insufficient memory for the Java Runtime Environment to continue.
# Native memory allocation (mmap) failed to map 134217728 bytes for Failed to commit area from 0x0000000081c00000 to 0x0000000089c00000 of length 134217728.
# Possible reasons:
#   The system is out of physical RAM or swap space
#   The process is running with CompressedOops enabled, and the Java Heap may be blocking the growth of the native heap
# Possible solutions:
#   Reduce memory load on the system
#   Increase physical memory or swap space
#   Check if swap backing store is full
#   Decrease Java heap size (-Xmx/-Xms)
#   Decrease number of Java threads
#   Decrease Java thread stack sizes (-Xss)
#   Set larger code cache with -XX:ReservedCodeCacheSize=
# This output file may be truncated or incomplete.
#
#  Out of Memory Error (t:/workspace/open/src/hotspot/os/windows/os_windows.cpp:3221), pid=14072, tid=18512
#
# JRE version:  (10.0.2+13) (build )
# Java VM: Java HotSpot(TM) 64-Bit Server VM (10.0.2+13, mixed mode, aot, tiered, compressed oops, g1 gc, windows-amd64)
# No core dump will be written. Minidumps are not enabled by default on client versions of Windows
#

---------------  S U M M A R Y ------------

Command Line: -Dfile.encoding=Cp1252 app.RRPSS

Host: Intel(R) Core(TM) i7-8550U CPU @ 1.80GHz, 8 cores, 7G,  Windows 10 , 64 bit Build 17763 (10.0.17763.379)
Time: Fri Apr 12 20:52:24 2019 Malay Peninsula Standard Time elapsed time: 0 seconds (0d 0h 0m 0s)

---------------  T H R E A D  ---------------

Current thread (0x00000264c52b1800):  JavaThread "Unknown thread" [_thread_in_vm, id=18512, stack(0x000000b33bd00000,0x000000b33be00000)]

Stack: [0x000000b33bd00000,0x000000b33be00000]
Native frames: (J=compiled Java code, j=interpreted, Vv=VM code, C=native code)
V  [jvm.dll+0x5a01a9]
V  [jvm.dll+0x6bcf31]
V  [jvm.dll+0x6be126]
V  [jvm.dll+0x6be7b3]
V  [jvm.dll+0x234978]
V  [jvm.dll+0x59dac4]
V  [jvm.dll+0x592825]
V  [jvm.dll+0x2f632b]
V  [jvm.dll+0x2f6295]
V  [jvm.dll+0x2f6172]
V  [jvm.dll+0x2f8366]
V  [jvm.dll+0x344293]
V  [jvm.dll+0x3449a6]
V  [jvm.dll+0x344393]
V  [jvm.dll+0x2c4628]
V  [jvm.dll+0x2c5771]
V  [jvm.dll+0x69d1db]
V  [jvm.dll+0x69e9fc]
V  [jvm.dll+0x3519e9]
V  [jvm.dll+0x6856a2]
V  [jvm.dll+0x3ba0c3]
V  [jvm.dll+0x3bc261]
C  [javaw.exe+0x3541]
C  [javaw.exe+0xe1cf]
C  [javaw.exe+0xe376]
C  [KERNEL32.DLL+0x181f4]
C  [ntdll.dll+0x6a251]


---------------  P R O C E S S  ---------------

Threads class SMR info:
_java_thread_list=0x00000264c51baf60, length=0, elements={
}

Java Threads: ( => current thread )

Other Threads:
  0x00000264c52ca800 GCTaskThread "GC Thread#0" [stack: 0x000000b33be00000,0x000000b33bf00000] [id=6932]
  0x00000264c52cc000 GCTaskThread "GC Thread#1" [stack: 0x000000b33bf00000,0x000000b33c000000] [id=8260]
  0x00000264c52cd800 GCTaskThread "GC Thread#2" [stack: 0x000000b33c000000,0x000000b33c100000] [id=11320]
  0x00000264c52d0800 GCTaskThread "GC Thread#3" [stack: 0x000000b33c100000,0x000000b33c200000] [id=11072]
  0x00000264c52d7000 GCTaskThread "GC Thread#4" [stack: 0x000000b33c200000,0x000000b33c300000] [id=19076]
  0x00000264c52e0000 GCTaskThread "GC Thread#5" [stack: 0x000000b33c300000,0x000000b33c400000] [id=14708]
  0x00000264c52da800 GCTaskThread "GC Thread#6" [stack: 0x000000b33c400000,0x000000b33c500000] [id=20184]
  0x00000264c52e0800 GCTaskThread "GC Thread#7" [stack: 0x000000b33c500000,0x000000b33c600000] [id=8440]
  0x00000264c5354000 ConcurrentGCThread "G1 Main Marker" [stack: 0x000000b33c600000,0x000000b33c700000] [id=19916]
  0x00000264c52e2000 ConcurrentGCThread "G1 Conc#0" [stack: 0x000000b33c700000,0x000000b33c800000] [id=14408]
  0x00000264c52e1000 ConcurrentGCThread "G1 Conc#1" [stack: 0x000000b33c800000,0x000000b33c900000] [id=10748]

[error occurred during error reporting (printing all threads), id 0xe0000002]

VM state:not at safepoint (not fully initialized)

VM Mutex/Monitor currently owned by a thread:  ([mutex/lock_event])
[0x00000264c52afa10] Heap_lock - owner thread: 0x00000264c52b1800

Heap address: 0x0000000081c00000, size: 2020 MB, Compressed Oops mode: Non-zero based: 0x0000000081c00000
Narrow klass base: 0x0000000000000000, Narrow klass shift: 0

GC Heap History (0 events):
No events

Deoptimization events (0 events):
No events

Classes redefined (0 events):
No events

Internal exceptions (0 events):
No events

Events (0 events):
No events


Dynamic libraries:
0x00007ff6fa9e0000 - 0x00007ff6faa1e000 	C:\Program Files\Java\jre-10.0.2\bin\javaw.exe
0x00007ffd2ab50000 - 0x00007ffd2ad3d000 	C:\WINDOWS\SYSTEM32\ntdll.dll
0x00007ffd28110000 - 0x00007ffd281c3000 	C:\WINDOWS\System32\KERNEL32.DLL
0x00007ffd27150000 - 0x00007ffd273e3000 	C:\WINDOWS\System32\KERNELBASE.dll
0x00007ffd2a8d0000 - 0x00007ffd2a973000 	C:\WINDOWS\System32\ADVAPI32.dll
0x00007ffd29cc0000 - 0x00007ffd29d5e000 	C:\WINDOWS\System32\msvcrt.dll
0x00007ffd28460000 - 0x00007ffd284fe000 	C:\WINDOWS\System32\sechost.dll
0x00007ffd2a240000 - 0x00007ffd2a362000 	C:\WINDOWS\System32\RPCRT4.dll
0x00007ffd2a980000 - 0x00007ffd2ab17000 	C:\WINDOWS\System32\USER32.dll
0x00007ffd27080000 - 0x00007ffd270a0000 	C:\WINDOWS\System32\win32u.dll
0x00007ffd2a7f0000 - 0x00007ffd2a819000 	C:\WINDOWS\System32\GDI32.dll
0x00007ffd26c20000 - 0x00007ffd26dba000 	C:\WINDOWS\System32\gdi32full.dll
0x00007ffd27c70000 - 0x00007ffd27d10000 	C:\WINDOWS\System32\msvcp_win.dll
0x00007ffd27b70000 - 0x00007ffd27c6a000 	C:\WINDOWS\System32\ucrtbase.dll
0x00007ffd1e9a0000 - 0x00007ffd1e9aa000 	C:\WINDOWS\SYSTEM32\VERSION.dll
0x00007ffd17d50000 - 0x00007ffd17fc9000 	C:\WINDOWS\WinSxS\amd64_microsoft.windows.common-controls_6595b64144ccf1df_6.0.17763.379_none_05b83be8071c94a1\COMCTL32.dll
0x00007ffd27d80000 - 0x00007ffd280ad000 	C:\WINDOWS\System32\combase.dll
0x00007ffd26dc0000 - 0x00007ffd26e3e000 	C:\WINDOWS\System32\bcryptPrimitives.dll
0x00007ffd2a820000 - 0x00007ffd2a84e000 	C:\WINDOWS\System32\IMM32.DLL
0x00007ffcf8a40000 - 0x00007ffcf8b2f000 	C:\Program Files\Java\jre-10.0.2\bin\msvcr120.dll
0x00007ffceb050000 - 0x00007ffceb0f6000 	C:\Program Files\Java\jre-10.0.2\bin\msvcp120.dll
0x0000000069c90000 - 0x000000006a700000 	C:\Program Files\Java\jre-10.0.2\bin\server\jvm.dll
0x00007ffd2a180000 - 0x00007ffd2a188000 	C:\WINDOWS\System32\PSAPI.DLL
0x00007ffd15a70000 - 0x00007ffd15a79000 	C:\WINDOWS\SYSTEM32\WSOCK32.dll
0x00007ffd21df0000 - 0x00007ffd21e14000 	C:\WINDOWS\SYSTEM32\WINMM.dll
0x00007ffd29f60000 - 0x00007ffd29fcd000 	C:\WINDOWS\System32\WS2_32.dll
0x00007ffd219c0000 - 0x00007ffd219ed000 	C:\WINDOWS\SYSTEM32\winmmbase.dll
0x00007ffd27d30000 - 0x00007ffd27d7a000 	C:\WINDOWS\System32\cfgmgr32.dll
0x00007ffd23450000 - 0x00007ffd2345f000 	C:\Program Files\Java\jre-10.0.2\bin\verify.dll
0x00007ffd25530000 - 0x00007ffd2571d000 	C:\WINDOWS\SYSTEM32\DBGHELP.DLL
0x00007ffd10810000 - 0x00007ffd1083a000 	C:\WINDOWS\SYSTEM32\dbgcore.DLL
0x00007ffd184a0000 - 0x00007ffd184c7000 	C:\Program Files\Java\jre-10.0.2\bin\java.dll
0x00007ffd21110000 - 0x00007ffd21126000 	C:\Program Files\Java\jre-10.0.2\bin\zip.dll
0x00007ffd21630000 - 0x00007ffd2163a000 	C:\Program Files\Java\jre-10.0.2\bin\jimage.dll

dbghelp: loaded successfully - version: 4.0.5 - missing functions: none
symbol engine: initialized successfully - sym options: 0x614 - pdb path: .;C:\Program Files\Java\jre-10.0.2\bin;C:\WINDOWS\SYSTEM32;C:\WINDOWS\WinSxS\amd64_microsoft.windows.common-controls_6595b64144ccf1df_6.0.17763.379_none_05b83be8071c94a1;C:\Program Files\Java\jre-10.0.2\bin\server

VM Arguments:
jvm_args: -Dfile.encoding=Cp1252 
java_command: app.RRPSS
java_class_path (initial): C:\Users\txyiong\git\OODP_assignment\RRPSS\bin
Launcher Type: SUN_STANDARD

Logging:
Log output configuration:
#0: stdout all=warning uptime,level,tags
#1: stderr all=off uptime,level,tags

Environment Variables:
PATH="c:\cygwin64\bin;";C:\Program Files (x86)\Common Files\Oracle\Java\javapath;C:\Program Files (x86)\Intel\iCLS Client\;C:\Program Files\Intel\iCLS Client\;C:\Windows\system32;C:\Windows;C:\Windows\System32\Wbem;C:\Windows\System32\WindowsPowerShell\v1.0\;C:\Program Files (x86)\Intel\Intel(R) Management Engine Components\DAL;C:\Program Files\Intel\Intel(R) Management Engine Components\DAL;C:\Program Files (x86)\Intel\Intel(R) Management Engine Components\IPT;C:\Program Files\Intel\Intel(R) Management Engine Components\IPT;C:\Program Files (x86)\NVIDIA Corporation\PhysX\Common;C:\WINDOWS\system32;C:\WINDOWS;C:\WINDOWS\System32\Wbem;C:\WINDOWS\System32\WindowsPowerShell\v1.0\;;C:\WINDOWS\System32\OpenSSH\;C:\Program Files\Intel\WiFi\bin\;C:\Program Files\Common Files\Intel\WirelessCommon\;C:\Users\txyiong\AppData\Local\Microsoft\WindowsApps;
USERNAME=txyiong
OS=Windows_NT
PROCESSOR_IDENTIFIER=Intel64 Family 6 Model 142 Stepping 10, GenuineIntel



---------------  S Y S T E M  ---------------

OS: Windows 10 , 64 bit Build 17763 (10.0.17763.379)

CPU:total 8 (initial active 8) (4 cores per cpu, 2 threads per core) family 6 model 142 stepping 10, cmov, cx8, fxsr, mmx, sse, sse2, sse3, ssse3, sse4.1, sse4.2, popcnt, avx, avx2, aes, clmul, erms, 3dnowpref, lzcnt, ht, tsc, tscinvbit, bmi1, bmi2, adx, fma

Memory: 4k page, physical 8268592k(1474096k free), swap 23760044k(122612k free)

vm_info: Java HotSpot(TM) 64-Bit Server VM (10.0.2+13) for windows-amd64 JRE (10.0.2+13), built on Jun 28 2018 01:57:56 by "mach5one" with MS VC++ 12.0 (VS2013)

END.
